<?xml version="1.0" encoding="UTF-8"?>
<!-- Generated by org.testng.reporters.JUnitReportReporter -->
<testsuite hostname="GHOST" failures="0" tests="1" name="test1.ThirdTest" time="31.228" errors="0" timestamp="2022-11-02T18:42:03 IST" skipped="0">
  <testcase classname="test1.ThirdTest" name="Testthree" time="31.228"/>
  <system-out/>
</testsuite> <!-- test1.ThirdTest -->
